<?xml version="1.0" encoding="UTF-8"?>
<!-- Generated by org.testng.reporters.JUnitXMLReporter -->
<testsuite ignored="0" hostname="HP" failures="0" tests="3" name="Basic Test" time="0.098" errors="0" timestamp="2024-02-06T20:28:08 IST">
  <testcase classname="LearnTestNG.TestNGAnnotation_1" name="test1" time="0.009"/>
  <testcase classname="LearnTestNG.TestNGAnnotation_1" name="test2" time="0.008"/>
  <testcase classname="LearnTestNG.TestNGAnnotation_2" name="test3" time="0.003"/>
</testsuite> <!-- Basic Test -->
