<?xml version="1.0" encoding="UTF-8"?>
<!-- Generated by org.testng.reporters.JUnitXMLReporter -->
<testsuite hostname="Yogesh-PC" ignored="15" name="Test" tests="1" failures="0" timestamp="14 Jul 2021 03:49:52 GMT" time="5.573" errors="0">
  <testcase name="@BeforeMethod beforeMethod" time="5.032" classname="wrappers.ProjectWrappers">
    <failure type="java.lang.NullPointerException">
      <![CDATA[java.lang.NullPointerExceptionat wrappers.GenericWrappers.takeSnap(GenericWrappers.java:879)at utils.Reporting.reportStep(Reporting.java:34)at wrappers.GenericWrappers.invokeApp(GenericWrappers.java:87)at wrappers.ProjectWrappers.beforeMethod(ProjectWrappers.java:29)... Removed 28 stack frames]]>
    </failure>
  </testcase> <!-- @BeforeMethod beforeMethod -->
  <testcase name="@AfterMethod afterMethod" time="0.0" classname="wrappers.ProjectWrappers">
    <skipped/>
  </testcase> <!-- @AfterMethod afterMethod -->
  <testcase name="@AfterClass afterClass" time="0.0" classname="wrappers.ProjectWrappers">
    <skipped/>
  </testcase> <!-- @AfterClass afterClass -->
  <testcase name="@AfterTest afterTest" time="0.0" classname="wrappers.ProjectWrappers">
    <skipped/>
  </testcase> <!-- @AfterTest afterTest -->
  <testcase name="indianFrroRegistration" time="0.0" classname="testcases.TC002">
    <skipped/>
  </testcase> <!-- indianFrroRegistration -->
  <testcase name="@BeforeTest beforeTest" time="0.0" classname="wrappers.ProjectWrappers">
    <ignored/>
  </testcase> <!-- @BeforeTest beforeTest -->
  <testcase name="@BeforeTest beforeTest" time="0.0" classname="wrappers.ProjectWrappers">
    <ignored/>
  </testcase> <!-- @BeforeTest beforeTest -->
  <testcase name="@BeforeTest beforeTest" time="0.0" classname="wrappers.ProjectWrappers">
    <ignored/>
  </testcase> <!-- @BeforeTest beforeTest -->
  <testcase name="facebookSignUp" time="0.0" classname="testcases.TC001">
    <ignored/>
  </testcase> <!-- facebookSignUp -->
  <testcase name="IndianPassportHome" time="0.0" classname="testcases.TC003">
    <ignored/>
  </testcase> <!-- IndianPassportHome -->
  <testcase name="@AfterSuite afterSuite" time="0.0" classname="wrappers.ProjectWrappers">
    <ignored/>
  </testcase> <!-- @AfterSuite afterSuite -->
  <testcase name="@AfterSuite afterSuite" time="0.0" classname="wrappers.ProjectWrappers">
    <ignored/>
  </testcase> <!-- @AfterSuite afterSuite -->
  <testcase name="@AfterSuite afterSuite" time="0.0" classname="wrappers.ProjectWrappers">
    <ignored/>
  </testcase> <!-- @AfterSuite afterSuite -->
  <testcase name="onlineUSVisaHome" time="0.0" classname="testcases.TC004">
    <ignored/>
  </testcase> <!-- onlineUSVisaHome -->
  <testcase name="@AfterTest afterTest" time="0.0" classname="wrappers.ProjectWrappers">
    <ignored/>
  </testcase> <!-- @AfterTest afterTest -->
  <testcase name="@AfterTest afterTest" time="0.0" classname="wrappers.ProjectWrappers">
    <ignored/>
  </testcase> <!-- @AfterTest afterTest -->
  <testcase name="@AfterTest afterTest" time="0.0" classname="wrappers.ProjectWrappers">
    <ignored/>
  </testcase> <!-- @AfterTest afterTest -->
  <testcase name="@BeforeSuite beforeSuite" time="0.0" classname="wrappers.ProjectWrappers">
    <ignored/>
  </testcase> <!-- @BeforeSuite beforeSuite -->
  <testcase name="@BeforeSuite beforeSuite" time="0.0" classname="wrappers.ProjectWrappers">
    <ignored/>
  </testcase> <!-- @BeforeSuite beforeSuite -->
  <testcase name="@BeforeSuite beforeSuite" time="0.0" classname="wrappers.ProjectWrappers">
    <ignored/>
  </testcase> <!-- @BeforeSuite beforeSuite -->
</testsuite> <!-- Test -->
